-------------------------------------------------------------------------------
Test set: com.myblog.controller.CommentControllerIntegrationTest
-------------------------------------------------------------------------------
Tests run: 4, Failures: 4, Errors: 0, Skipped: 0, Time elapsed: 0.419 s <<< FAILURE! -- in com.myblog.controller.CommentControllerIntegrationTest
com.myblog.controller.CommentControllerIntegrationTest.testDeleteComment -- Time elapsed: 0.040 s <<< FAILURE!
java.lang.AssertionError: Status expected:<201> but was:<500>
	at org.springframework.test.util.AssertionErrors.fail(AssertionErrors.java:59)
	at org.springframework.test.util.AssertionErrors.assertEquals(AssertionErrors.java:122)
	at org.springframework.test.web.servlet.result.StatusResultMatchers.lambda$matcher$9(StatusResultMatchers.java:637)
	at org.springframework.test.web.servlet.MockMvc$1.andExpect(MockMvc.java:214)
	at com.myblog.controller.CommentControllerIntegrationTest.createPost(CommentControllerIntegrationTest.java:62)
	at com.myblog.controller.CommentControllerIntegrationTest.testDeleteComment(CommentControllerIntegrationTest.java:118)
	at java.base/java.lang.reflect.Method.invoke(Method.java:565)
	at java.base/java.util.ArrayList.forEach(ArrayList.java:1604)
	at java.base/java.util.ArrayList.forEach(ArrayList.java:1604)

com.myblog.controller.CommentControllerIntegrationTest.testDeleteCommentNotFound -- Time elapsed: 0.003 s <<< FAILURE!
java.lang.AssertionError: Status expected:<201> but was:<500>
	at org.springframework.test.util.AssertionErrors.fail(AssertionErrors.java:59)
	at org.springframework.test.util.AssertionErrors.assertEquals(AssertionErrors.java:122)
	at org.springframework.test.web.servlet.result.StatusResultMatchers.lambda$matcher$9(StatusResultMatchers.java:637)
	at org.springframework.test.web.servlet.MockMvc$1.andExpect(MockMvc.java:214)
	at com.myblog.controller.CommentControllerIntegrationTest.createPost(CommentControllerIntegrationTest.java:62)
	at com.myblog.controller.CommentControllerIntegrationTest.testDeleteCommentNotFound(CommentControllerIntegrationTest.java:130)
	at java.base/java.lang.reflect.Method.invoke(Method.java:565)
	at java.base/java.util.ArrayList.forEach(ArrayList.java:1604)
	at java.base/java.util.ArrayList.forEach(ArrayList.java:1604)

com.myblog.controller.CommentControllerIntegrationTest.testUpdateCommentNotFound -- Time elapsed: 0.002 s <<< FAILURE!
java.lang.AssertionError: Status expected:<201> but was:<500>
	at org.springframework.test.util.AssertionErrors.fail(AssertionErrors.java:59)
	at org.springframework.test.util.AssertionErrors.assertEquals(AssertionErrors.java:122)
	at org.springframework.test.web.servlet.result.StatusResultMatchers.lambda$matcher$9(StatusResultMatchers.java:637)
	at org.springframework.test.web.servlet.MockMvc$1.andExpect(MockMvc.java:214)
	at com.myblog.controller.CommentControllerIntegrationTest.createPost(CommentControllerIntegrationTest.java:62)
	at com.myblog.controller.CommentControllerIntegrationTest.testUpdateCommentNotFound(CommentControllerIntegrationTest.java:103)
	at java.base/java.lang.reflect.Method.invoke(Method.java:565)
	at java.base/java.util.ArrayList.forEach(ArrayList.java:1604)
	at java.base/java.util.ArrayList.forEach(ArrayList.java:1604)

com.myblog.controller.CommentControllerIntegrationTest.testUpdateComment -- Time elapsed: 0.003 s <<< FAILURE!
java.lang.AssertionError: Status expected:<201> but was:<500>
	at org.springframework.test.util.AssertionErrors.fail(AssertionErrors.java:59)
	at org.springframework.test.util.AssertionErrors.assertEquals(AssertionErrors.java:122)
	at org.springframework.test.web.servlet.result.StatusResultMatchers.lambda$matcher$9(StatusResultMatchers.java:637)
	at org.springframework.test.web.servlet.MockMvc$1.andExpect(MockMvc.java:214)
	at com.myblog.controller.CommentControllerIntegrationTest.createPost(CommentControllerIntegrationTest.java:62)
	at com.myblog.controller.CommentControllerIntegrationTest.testUpdateComment(CommentControllerIntegrationTest.java:84)
	at java.base/java.lang.reflect.Method.invoke(Method.java:565)
	at java.base/java.util.ArrayList.forEach(ArrayList.java:1604)
	at java.base/java.util.ArrayList.forEach(ArrayList.java:1604)

