<?xml version="1.0" encoding="UTF-8"?>
<testsuite xmlns:xsi="http://www.w3.org/2001/XMLSchema-instance" xsi:noNamespaceSchemaLocation="https://maven.apache.org/surefire/maven-surefire-plugin/xsd/surefire-test-report-3.0.xsd" version="3.0" name="com.myblog.dao.PostDaoIntegrationTest" time="0.063" tests="11" errors="0" skipped="0" failures="0">
  <properties>
[...]
</properties>
  <testcase name="testFindAllPosts" classname="com.myblog.dao.PostDaoIntegrationTest" time="0.009">
    <system-out><![CDATA[16:04:47.097 [main] INFO  o.s.j.d.e.EmbeddedDatabaseFactory - Starting embedded database: url='jdbc:h2:mem:testdb;DB_CLOSE_DELAY=-1;DB_CLOSE_ON_EXIT=false', username='sa'
16:04:47.107 [main] DEBUG com.myblog.dao.impl.TagDaoImpl - Tag not found with name: java
16:04:47.110 [main] DEBUG com.myblog.dao.impl.TagDaoImpl - Tag not found with name: spring
]]></system-out>
  </testcase>
  <testcase name="testUpdatePost" classname="com.myblog.dao.PostDaoIntegrationTest" time="0.004">
    <system-out><![CDATA[16:04:47.113 [main] DEBUG com.myblog.dao.impl.TagDaoImpl - Tag not found with name: tag1
16:04:47.115 [main] DEBUG com.myblog.dao.impl.TagDaoImpl - Tag not found with name: tag2
16:04:47.115 [main] DEBUG com.myblog.dao.impl.TagDaoImpl - Tag not found with name: tag3
]]></system-out>
  </testcase>
  <testcase name="testCreateAndFindPost" classname="com.myblog.dao.PostDaoIntegrationTest" time="0.003">
    <system-out><![CDATA[16:04:47.117 [main] DEBUG com.myblog.dao.impl.TagDaoImpl - Tag not found with name: tag1
16:04:47.118 [main] DEBUG com.myblog.dao.impl.TagDaoImpl - Tag not found with name: tag2
]]></system-out>
  </testcase>
  <testcase name="testSearchPostsByTag" classname="com.myblog.dao.PostDaoIntegrationTest" time="0.004">
    <system-out><![CDATA[16:04:47.121 [main] DEBUG com.myblog.dao.impl.TagDaoImpl - Tag not found with name: java
16:04:47.121 [main] DEBUG com.myblog.dao.impl.TagDaoImpl - Tag not found with name: spring
16:04:47.122 [main] DEBUG com.myblog.dao.impl.TagDaoImpl - Tag not found with name: python
]]></system-out>
  </testcase>
  <testcase name="testIncrementLikesNotFoundThrows" classname="com.myblog.dao.PostDaoIntegrationTest" time="0.002"/>
  <testcase name="testIncrementLikes" classname="com.myblog.dao.PostDaoIntegrationTest" time="0.002"/>
  <testcase name="testGetTotalCount" classname="com.myblog.dao.PostDaoIntegrationTest" time="0.002"/>
  <testcase name="testDeletePost" classname="com.myblog.dao.PostDaoIntegrationTest" time="0.002">
    <system-out><![CDATA[16:04:47.134 [main] DEBUG com.myblog.dao.impl.PostDaoImpl - Post not found with id: 12
]]></system-out>
  </testcase>
  <testcase name="testDecrementLikesNotBelowZero" classname="com.myblog.dao.PostDaoIntegrationTest" time="0.002"/>
  <testcase name="testDecrementLikesNotFoundThrows" classname="com.myblog.dao.PostDaoIntegrationTest" time="0.001"/>
  <testcase name="testSearchPostsByTitle" classname="com.myblog.dao.PostDaoIntegrationTest" time="0.003"/>
</testsuite>